# JRE version: Java(TM) SE Runtime Environment (17.0+35) (build 17+35-LTS-2724)
# Java VM: Java HotSpot(TM) 64-Bit Server VM (17+35-LTS-2724, mixed mode, sharing, tiered, compressed oops, compressed class ptrs, g1 gc, windows-amd64)
GC Precious Log:
 CPUs: 8 total, 8 available
 Memory: 7973M
 Large Page Support: Disabled
 NUMA Support: Disabled
 Compressed Oops: Enabled (32-bit)
 Heap Region Size: 1M
 Heap Min Capacity: 8M
 Heap Initial Capacity: 126M
 Heap Max Capacity: 1994M
 Pre-touch: Disabled
 Parallel Workers: 8
 Concurrent Workers: 2
 Concurrent Refinement Workers: 8
 Periodic GC: Disabled
Heap:
 garbage-first heap   total 370688K, used 50229K [0x0000000083600000, 0x0000000100000000)
  region size 1024K, 1 young (1024K), 1 survivors (1024K)
 Metaspace       used 86330K, committed 87040K, reserved 1130496K
  class space    used 11324K, committed 11648K, reserved 1048576K
GC Heap History (20 events):
Event: 2680.975 GC heap after
{Heap after GC invocations=204 (full 0):
 garbage-first heap   total 370688K, used 50243K [0x0000000083600000, 0x0000000100000000)
  region size 1024K, 1 young (1024K), 1 survivors (1024K)
 Metaspace       used 86330K, committed 87040K, reserved 1130496K
  class space    used 11324K, committed 11648K, reserved 1048576K
}
Event: 2681.361 GC heap before
{Heap before GC invocations=204 (full 0):
 garbage-first heap   total 370688K, used 271427K [0x0000000083600000, 0x0000000100000000)
  region size 1024K, 217 young (222208K), 1 survivors (1024K)
 Metaspace       used 86330K, committed 87040K, reserved 1130496K
  class space    used 11324K, committed 11648K, reserved 1048576K
}
Event: 2681.362 GC heap after
{Heap after GC invocations=205 (full 0):
 garbage-first heap   total 370688K, used 50249K [0x0000000083600000, 0x0000000100000000)
  region size 1024K, 1 young (1024K), 1 survivors (1024K)
 Metaspace       used 86330K, committed 87040K, reserved 1130496K
  class space    used 11324K, committed 11648K, reserved 1048576K
}
Event: 2682.119 GC heap before
{Heap before GC invocations=205 (full 0):
 garbage-first heap   total 370688K, used 271433K [0x0000000083600000, 0x0000000100000000)
  region size 1024K, 217 young (222208K), 1 survivors (1024K)
 Metaspace       used 86330K, committed 87040K, reserved 1130496K
  class space    used 11324K, committed 11648K, reserved 1048576K
}
Event: 2682.127 GC heap after
{Heap after GC invocations=206 (full 0):
 garbage-first heap   total 370688K, used 50292K [0x0000000083600000, 0x0000000100000000)
  region size 1024K, 1 young (1024K), 1 survivors (1024K)
 Metaspace       used 86330K, committed 87040K, reserved 1130496K
  class space    used 11324K, committed 11648K, reserved 1048576K
}
Event: 2682.926 GC heap before
{Heap before GC invocations=206 (full 0):
 garbage-first heap   total 370688K, used 271476K [0x0000000083600000, 0x0000000100000000)
  region size 1024K, 217 young (222208K), 1 survivors (1024K)
 Metaspace       used 86330K, committed 87040K, reserved 1130496K
  class space    used 11324K, committed 11648K, reserved 1048576K
}
Event: 2682.927 GC heap after
{Heap after GC invocations=207 (full 0):
 garbage-first heap   total 370688K, used 50238K [0x0000000083600000, 0x0000000100000000)
  region size 1024K, 1 young (1024K), 1 survivors (1024K)
 Metaspace       used 86330K, committed 87040K, reserved 1130496K
  class space    used 11324K, committed 11648K, reserved 1048576K
}
Event: 2683.686 GC heap before
{Heap before GC invocations=207 (full 0):
 garbage-first heap   total 370688K, used 271422K [0x0000000083600000, 0x0000000100000000)
  region size 1024K, 217 young (222208K), 1 survivors (1024K)
 Metaspace       used 86330K, committed 87040K, reserved 1130496K
  class space    used 11324K, committed 11648K, reserved 1048576K
}
Event: 2683.687 GC heap after
{Heap after GC invocations=208 (full 0):
 garbage-first heap   total 370688K, used 50257K [0x0000000083600000, 0x0000000100000000)
  region size 1024K, 1 young (1024K), 1 survivors (1024K)
 Metaspace       used 86330K, committed 87040K, reserved 1130496K
  class space    used 11324K, committed 11648K, reserved 1048576K
}
Event: 2685.391 GC heap before
{Heap before GC invocations=208 (full 0):
 garbage-first heap   total 370688K, used 270417K [0x0000000083600000, 0x0000000100000000)
  region size 1024K, 217 young (222208K), 1 survivors (1024K)
 Metaspace       used 86330K, committed 87040K, reserved 1130496K
  class space    used 11324K, committed 11648K, reserved 1048576K
}
Event: 2685.392 GC heap after
{Heap after GC invocations=209 (full 0):
 garbage-first heap   total 370688K, used 50238K [0x0000000083600000, 0x0000000100000000)
  region size 1024K, 1 young (1024K), 1 survivors (1024K)
 Metaspace       used 86330K, committed 87040K, reserved 1130496K
  class space    used 11324K, committed 11648K, reserved 1048576K
}
Event: 2685.704 GC heap before
{Heap before GC invocations=209 (full 0):
 garbage-first heap   total 370688K, used 271422K [0x0000000083600000, 0x0000000100000000)
  region size 1024K, 217 young (222208K), 1 survivors (1024K)
 Metaspace       used 86330K, committed 87040K, reserved 1130496K
  class space    used 11324K, committed 11648K, reserved 1048576K
}
Event: 2686.006 GC heap after
{Heap after GC invocations=210 (full 0):
 garbage-first heap   total 370688K, used 50253K [0x0000000083600000, 0x0000000100000000)
  region size 1024K, 1 young (1024K), 1 survivors (1024K)
 Metaspace       used 86330K, committed 87040K, reserved 1130496K
  class space    used 11324K, committed 11648K, reserved 1048576K
}
Event: 2686.380 GC heap before
{Heap before GC invocations=210 (full 0):
 garbage-first heap   total 370688K, used 271437K [0x0000000083600000, 0x0000000100000000)
  region size 1024K, 217 young (222208K), 1 survivors (1024K)
 Metaspace       used 86330K, committed 87040K, reserved 1130496K
  class space    used 11324K, committed 11648K, reserved 1048576K
}
Event: 2686.609 GC heap after
{Heap after GC invocations=211 (full 0):
 garbage-first heap   total 370688K, used 50251K [0x0000000083600000, 0x0000000100000000)
  region size 1024K, 1 young (1024K), 1 survivors (1024K)
 Metaspace       used 86330K, committed 87040K, reserved 1130496K
  class space    used 11324K, committed 11648K, reserved 1048576K
}
Event: 2687.094 GC heap before
{Heap before GC invocations=211 (full 0):
 garbage-first heap   total 370688K, used 271435K [0x0000000083600000, 0x0000000100000000)
  region size 1024K, 217 young (222208K), 1 survivors (1024K)
 Metaspace       used 86330K, committed 87040K, reserved 1130496K
  class space    used 11324K, committed 11648K, reserved 1048576K
}
Event: 2687.095 GC heap after
{Heap after GC invocations=212 (full 0):
 garbage-first heap   total 370688K, used 50223K [0x0000000083600000, 0x0000000100000000)
  region size 1024K, 1 young (1024K), 1 survivors (1024K)
 Metaspace       used 86330K, committed 87040K, reserved 1130496K
  class space    used 11324K, committed 11648K, reserved 1048576K
}
Event: 2687.490 GC heap before
{Heap before GC invocations=212 (full 0):
 garbage-first heap   total 370688K, used 271407K [0x0000000083600000, 0x0000000100000000)
  region size 1024K, 217 young (222208K), 1 survivors (1024K)
 Metaspace       used 86330K, committed 87040K, reserved 1130496K
  class space    used 11324K, committed 11648K, reserved 1048576K
}
Event: 2687.772 GC heap after
{Heap after GC invocations=213 (full 0):
 garbage-first heap   total 370688K, used 50313K [0x0000000083600000, 0x0000000100000000)
  region size 1024K, 1 young (1024K), 1 survivors (1024K)
 Metaspace       used 86330K, committed 87040K, reserved 1130496K
  class space    used 11324K, committed 11648K, reserved 1048576K
}
Event: 2688.381 GC heap before
{Heap before GC invocations=213 (full 0):
 garbage-first heap   total 370688K, used 271497K [0x0000000083600000, 0x0000000100000000)
  region size 1024K, 217 young (222208K), 1 survivors (1024K)
 Metaspace       used 86330K, committed 87040K, reserved 1130496K
  class space    used 11324K, committed 11648K, reserved 1048576K
}

